<?xml version="1.0" encoding="UTF-8"?>
<!-- Generated by org.testng.reporters.JUnitReportReporter -->
<testsuite hostname="Shri-PC" name="Tests.Test3" tests="1" failures="0" timestamp="29 Aug 2020 16:39:58 GMT" time="0.012" errors="0">
  <testcase name="print" time="0.012" classname="Tests.Test3"/>
</testsuite> <!-- Tests.Test3 -->
