<?xml version="1.0" encoding="UTF-8"?>
<!-- Generated by org.testng.reporters.JUnitReportReporter -->
<testsuite hostname="Shri-PC" name="sampletests.Test2" tests="1" failures="0" timestamp="29 Aug 2020 18:25:52 GMT" time="0.002" errors="0">
  <testcase name="print" time="0.002" classname="sampletests.Test2"/>
</testsuite> <!-- sampletests.Test2 -->
